#
# A fatal error has been detected by the Java Runtime Environment:
#
#  EXCEPTION_ACCESS_VIOLATION (0xc0000005) at pc=0x734417d0, pid=336, tid=6760
#
# JRE version: 7.0_11-b21
# Java VM: Java HotSpot(TM) Client VM (23.6-b04 mixed mode windows-x86 )
# Problematic frame:
# C  0x734417d0
#
# Failed to write core dump. Minidumps are not enabled by default on client versions of Windows
#
# If you would like to submit a bug report, please visit:
#   http://bugreport.sun.com/bugreport/crash.jsp
# The crash happened outside the Java Virtual Machine in native code.
# See problematic frame for where to report the bug.
#

---------------  T H R E A D  ---------------

Current thread (0x00eeb800):  JavaThread "main" [_thread_in_native, id=6760, stack(0x00460000,0x004b0000)]

siginfo: ExceptionCode=0xc0000005, ExceptionInformation=0x00000008 0x734417d0

Registers:
EAX=0x6b447e19, EBX=0x146740f8, ECX=0x6b400000, EDX=0x00000169
ESP=0x004af490, EBP=0x004af4a0, ESI=0x00000000, EDI=0x00eeb800
EIP=0x734417d0, EFLAGS=0x00010202

Top of Stack: (sp=0x004af490)
0x004af490:   75f3a143 05011bba 004af4c4 6b400000
0x004af4a0:   004af4d8 04f0b25e 05011bba 028fa634
0x004af4b0:   00eeb928 004af4c4 004af4bc 14678e18
0x004af4c0:   00000000 14632d30 146740f8 7773439b
0x004af4d0:   14632d20 00000000 004af6d4 028fcb88
0x004af4e0:   0a8b2f11 004af4fc 74d5dbc8 758b10c0
0x004af4f0:   146740f8 1467b080 00000000 77722608
0x004af500:   a8cecd89 1467b080 757e8e1c 758b10bc 

Instructions: (pc=0x734417d0)
0x734417b0:   
[error occurred during error reporting (printing registers, top of stack, instructions near pc), id 0xc0000005]

Register to memory mapping:

EAX=0x6b447e19 is an unknown value
EBX=0x146740f8 is an oop
org.lwjgl.opengl.WindowsDisplayPeerInfo 
 - klass: 'org/lwjgl/opengl/WindowsDisplayPeerInfo'
ECX=0x6b400000 is an unknown value
EDX=0x00000169 is an unknown value
ESP=0x004af490 is pointing into the stack for thread: 0x00eeb800
EBP=0x004af4a0 is pointing into the stack for thread: 0x00eeb800
ESI=0x00000000 is an unknown value
EDI=0x00eeb800 is a thread


Stack: [0x00460000,0x004b0000],  sp=0x004af490,  free space=317k
Native frames: (J=compiled Java code, j=interpreted, Vv=VM code, C=native code)
C  0x734417d0
C  [lwjgl.dll+0xb25e]  Java_org_lwjgl_opengl_WindowsContextImplementation_nSwapBuffers+0x1e
J  org.lwjgl.opengl.WindowsContextImplementation.swapBuffers()V
v  ~StubRoutines::call_stub
V  [jvm.dll+0x12a3ba]
V  [jvm.dll+0x1d97de]
V  [jvm.dll+0x12a43d]
V  [jvm.dll+0x1353de]
V  [jvm.dll+0x1356de]
V  [jvm.dll+0xd50a9]
C  [java.dll+0x7de6]  Java_sun_reflect_NativeMethodAccessorImpl_invoke0+0x15
j  sun.reflect.NativeMethodAccessorImpl.invoke(Ljava/lang/Object;[Ljava/lang/Object;)Ljava/lang/Object;+87
j  sun.reflect.DelegatingMethodAccessorImpl.invoke(Ljava/lang/Object;[Ljava/lang/Object;)Ljava/lang/Object;+6
j  java.lang.reflect.Method.invoke(Ljava/lang/Object;[Ljava/lang/Object;)Ljava/lang/Object;+57
j  com.intellij.rt.execution.application.AppMain.main([Ljava/lang/String;)V+140
v  ~StubRoutines::call_stub
V  [jvm.dll+0x12a3ba]
V  [jvm.dll+0x1d97de]
V  [jvm.dll+0x12a43d]
V  [jvm.dll+0xaee94]
V  [jvm.dll+0xb9217]
C  [java.exe+0x205f]
C  [java.exe+0xa5d3]
C  [java.exe+0xa65d]
C  [KERNEL32.DLL+0x28543]  BaseThreadInitThunk+0xe
C  [ntdll.dll+0x5ac69]  RtlInitializeExceptionChain+0x85
C  [ntdll.dll+0x5ac3c]  RtlInitializeExceptionChain+0x58

Java frames: (J=compiled Java code, j=interpreted, Vv=VM code)
J  org.lwjgl.opengl.WindowsContextImplementation.nSwapBuffers(Ljava/nio/ByteBuffer;)V
J  org.lwjgl.opengl.WindowsContextImplementation.swapBuffers()V
J  org.lwjgl.opengl.DrawableGL.swapBuffers()V
J  org.lwjgl.opengl.Display.swapBuffers()V
J  org.lwjgl.opengl.Display.update(Z)V
J  org.newdawn.slick.AppGameContainer.gameLoop()V
J  org.newdawn.slick.AppGameContainer.start()V
j  com.fisherevans.poolsim.PoolSim.main([Ljava/lang/String;)V+27
v  ~StubRoutines::call_stub
j  sun.reflect.NativeMethodAccessorImpl.invoke0(Ljava/lang/reflect/Method;Ljava/lang/Object;[Ljava/lang/Object;)Ljava/lang/Object;+0
j  sun.reflect.NativeMethodAccessorImpl.invoke(Ljava/lang/Object;[Ljava/lang/Object;)Ljava/lang/Object;+87
j  sun.reflect.DelegatingMethodAccessorImpl.invoke(Ljava/lang/Object;[Ljava/lang/Object;)Ljava/lang/Object;+6
j  java.lang.reflect.Method.invoke(Ljava/lang/Object;[Ljava/lang/Object;)Ljava/lang/Object;+57
j  com.intellij.rt.execution.application.AppMain.main([Ljava/lang/String;)V+140
v  ~StubRoutines::call_stub

---------------  P R O C E S S  ---------------

Java Threads: ( => current thread )
  0x0129f000 JavaThread "Monitor Ctrl-Break" daemon [_thread_in_native, id=4708, stack(0x04bd0000,0x04c20000)]
  0x011d0400 JavaThread "Service Thread" daemon [_thread_blocked, id=6732, stack(0x049a0000,0x049f0000)]
  0x011c1400 JavaThread "C1 CompilerThread0" daemon [_thread_blocked, id=7980, stack(0x04910000,0x04960000)]
  0x011c0000 JavaThread "Attach Listener" daemon [_thread_blocked, id=7008, stack(0x04880000,0x048d0000)]
  0x011be000 JavaThread "Signal Dispatcher" daemon [_thread_blocked, id=6180, stack(0x047f0000,0x04840000)]
  0x00eb5400 JavaThread "Finalizer" daemon [_thread_blocked, id=3148, stack(0x01130000,0x01180000)]
  0x00eb0800 JavaThread "Reference Handler" daemon [_thread_blocked, id=6552, stack(0x010a0000,0x010f0000)]
=>0x00eeb800 JavaThread "main" [_thread_in_native, id=6760, stack(0x00460000,0x004b0000)]

Other Threads:
  0x00ea9000 VMThread [stack: 0x01010000,0x01060000] [id=6688]
  0x011e1c00 WatcherThread [stack: 0x04a30000,0x04a80000] [id=6252]

VM state:not at safepoint (normal execution)

VM Mutex/Monitor currently owned by a thread: None

Heap
 def new generation   total 4928K, used 282K [0x0f010000, 0x0f560000, 0x14560000)
  eden space 4416K,   6% used [0x0f010000, 0x0f055408, 0x0f460000)
  from space 512K,   1% used [0x0f4e0000, 0x0f4e14b0, 0x0f560000)
  to   space 512K,   0% used [0x0f460000, 0x0f460000, 0x0f4e0000)
 tenured generation   total 10944K, used 1621K [0x14560000, 0x15010000, 0x1f010000)
   the space 10944K,  14% used [0x14560000, 0x146f55d8, 0x146f5600, 0x15010000)
 compacting perm gen  total 12288K, used 3862K [0x1f010000, 0x1fc10000, 0x23010000)
   the space 12288K,  31% used [0x1f010000, 0x1f3d58c0, 0x1f3d5a00, 0x1fc10000)
No shared spaces configured.

Card table byte_map: [0x00f60000,0x01010000] byte_map_base: 0x00ee7f80

Polling page: 0x004f0000

Code Cache  [0x027f0000, 0x02920000, 0x047f0000)
 total_blobs=641 nmethods=409 adapters=167 free_code_cache=31561Kb largest_free_block=32318336

Compilation events (10 events):
Event: 52.313 Thread 0x011c1400  406             com.fisherevans.poolsim.Ball::setDY (6 bytes)
Event: 52.313 Thread 0x011c1400 nmethod 406 0x0291c748 code [0x0291c840, 0x0291c8c0]
Event: 53.150 Thread 0x011c1400  407             com.fisherevans.poolsim.Ball::resolve (314 bytes)
Event: 53.151 Thread 0x011c1400 nmethod 407 0x0291c908 code [0x0291ca80, 0x0291d1e0]
Event: 53.151 Thread 0x011c1400  408             org.newdawn.slick.geom.Vector2f::normalise (35 bytes)
Event: 53.151 Thread 0x011c1400 nmethod 408 0x0291d688 code [0x0291d780, 0x0291d860]
Event: 53.151 Thread 0x011c1400  409             org.newdawn.slick.geom.Vector2f::dot (20 bytes)
Event: 53.151 Thread 0x011c1400 nmethod 409 0x0291d8c8 code [0x0291d9c0, 0x0291da60]
Event: 55.588 Thread 0x011c1400  410             org.newdawn.slick.BasicGame::isAcceptingInput (2 bytes)
Event: 55.588 Thread 0x011c1400 nmethod 410 0x0291dac8 code [0x0291dbc0, 0x0291dc40]

GC Heap History (10 events):
Event: 94.386 GC heap before
{Heap before GC invocations=10 (full 0):
 def new generation   total 4928K, used 4420K [0x0f010000, 0x0f560000, 0x14560000)
  eden space 4416K, 100% used [0x0f010000, 0x0f460000, 0x0f460000)
  from space 512K,   0% used [0x0f460000, 0x0f4612b8, 0x0f4e0000)
  to   space 512K,   0% used [0x0f4e0000, 0x0f4e0000, 0x0f560000)
 tenured generation   total 10944K, used 1621K [0x14560000, 0x15010000, 0x1f010000)
   the space 10944K,  14% used [0x14560000, 0x146f55d8, 0x146f5600, 0x15010000)
 compacting perm gen  total 12288K, used 3862K [0x1f010000, 0x1fc10000, 0x23010000)
   the space 12288K,  31% used [0x1f010000, 0x1f3d58c0, 0x1f3d5a00, 0x1fc10000)
No shared spaces configured.
Event: 94.386 GC heap after
Heap after GC invocations=11 (full 0):
 def new generation   total 4928K, used 4K [0x0f010000, 0x0f560000, 0x14560000)
  eden space 4416K,   0% used [0x0f010000, 0x0f010000, 0x0f460000)
  from space 512K,   0% used [0x0f4e0000, 0x0f4e1348, 0x0f560000)
  to   space 512K,   0% used [0x0f460000, 0x0f460000, 0x0f4e0000)
 tenured generation   total 10944K, used 1621K [0x14560000, 0x15010000, 0x1f010000)
   the space 10944K,  14% used [0x14560000, 0x146f55d8, 0x146f5600, 0x15010000)
 compacting perm gen  total 12288K, used 3862K [0x1f010000, 0x1fc10000, 0x23010000)
   the space 12288K,  31% used [0x1f010000, 0x1f3d58c0, 0x1f3d5a00, 0x1fc10000)
No shared spaces configured.
}
Event: 105.447 GC heap before
{Heap before GC invocations=11 (full 0):
 def new generation   total 4928K, used 4420K [0x0f010000, 0x0f560000, 0x14560000)
  eden space 4416K, 100% used [0x0f010000, 0x0f460000, 0x0f460000)
  from space 512K,   0% used [0x0f4e0000, 0x0f4e1348, 0x0f560000)
  to   space 512K,   0% used [0x0f460000, 0x0f460000, 0x0f4e0000)
 tenured generation   total 10944K, used 1621K [0x14560000, 0x15010000, 0x1f010000)
   the space 10944K,  14% used [0x14560000, 0x146f55d8, 0x146f5600, 0x15010000)
 compacting perm gen  total 12288K, used 3862K [0x1f010000, 0x1fc10000, 0x23010000)
   the space 12288K,  31% used [0x1f010000, 0x1f3d58c0, 0x1f3d5a00, 0x1fc10000)
No shared spaces configured.
Event: 105.448 GC heap after
Heap after GC invocations=12 (full 0):
 def new generation   total 4928K, used 4K [0x0f010000, 0x0f560000, 0x14560000)
  eden space 4416K,   0% used [0x0f010000, 0x0f010000, 0x0f460000)
  from space 512K,   0% used [0x0f460000, 0x0f461348, 0x0f4e0000)
  to   space 512K,   0% used [0x0f4e0000, 0x0f4e0000, 0x0f560000)
 tenured generation   total 10944K, used 1621K [0x14560000, 0x15010000, 0x1f010000)
   the space 10944K,  14% used [0x14560000, 0x146f55d8, 0x146f5600, 0x15010000)
 compacting perm gen  total 12288K, used 3862K [0x1f010000, 0x1fc10000, 0x23010000)
   the space 12288K,  31% used [0x1f010000, 0x1f3d58c0, 0x1f3d5a00, 0x1fc10000)
No shared spaces configured.
}
Event: 112.070 GC heap before
{Heap before GC invocations=12 (full 0):
 def new generation   total 4928K, used 4420K [0x0f010000, 0x0f560000, 0x14560000)
  eden space 4416K, 100% used [0x0f010000, 0x0f460000, 0x0f460000)
  from space 512K,   0% used [0x0f460000, 0x0f461348, 0x0f4e0000)
  to   space 512K,   0% used [0x0f4e0000, 0x0f4e0000, 0x0f560000)
 tenured generation   total 10944K, used 1621K [0x14560000, 0x15010000, 0x1f010000)
   the space 10944K,  14% used [0x14560000, 0x146f55d8, 0x146f5600, 0x15010000)
 compacting perm gen  total 12288K, used 3862K [0x1f010000, 0x1fc10000, 0x23010000)
   the space 12288K,  31% used [0x1f010000, 0x1f3d58c0, 0x1f3d5a00, 0x1fc10000)
No shared spaces configured.
Event: 112.071 GC heap after
Heap after GC invocations=13 (full 0):
 def new generation   total 4928K, used 5K [0x0f010000, 0x0f560000, 0x14560000)
  eden space 4416K,   0% used [0x0f010000, 0x0f010000, 0x0f460000)
  from space 512K,   0% used [0x0f4e0000, 0x0f4e1438, 0x0f560000)
  to   space 512K,   0% used [0x0f460000, 0x0f460000, 0x0f4e0000)
 tenured generation   total 10944K, used 1621K [0x14560000, 0x15010000, 0x1f010000)
   the space 10944K,  14% used [0x14560000, 0x146f55d8, 0x146f5600, 0x15010000)
 compacting perm gen  total 12288K, used 3862K [0x1f010000, 0x1fc10000, 0x23010000)
   the space 12288K,  31% used [0x1f010000, 0x1f3d58c0, 0x1f3d5a00, 0x1fc10000)
No shared spaces configured.
}
Event: 120.057 GC heap before
{Heap before GC invocations=13 (full 0):
 def new generation   total 4928K, used 4421K [0x0f010000, 0x0f560000, 0x14560000)
  eden space 4416K, 100% used [0x0f010000, 0x0f460000, 0x0f460000)
  from space 512K,   0% used [0x0f4e0000, 0x0f4e1438, 0x0f560000)
  to   space 512K,   0% used [0x0f460000, 0x0f460000, 0x0f4e0000)
 tenured generation   total 10944K, used 1621K [0x14560000, 0x15010000, 0x1f010000)
   the space 10944K,  14% used [0x14560000, 0x146f55d8, 0x146f5600, 0x15010000)
 compacting perm gen  total 12288K, used 3862K [0x1f010000, 0x1fc10000, 0x23010000)
   the space 12288K,  31% used [0x1f010000, 0x1f3d58c0, 0x1f3d5a00, 0x1fc10000)
No shared spaces configured.
Event: 120.058 GC heap after
Heap after GC invocations=14 (full 0):
 def new generation   total 4928K, used 5K [0x0f010000, 0x0f560000, 0x14560000)
  eden space 4416K,   0% used [0x0f010000, 0x0f010000, 0x0f460000)
  from space 512K,   1% used [0x0f460000, 0x0f4614b0, 0x0f4e0000)
  to   space 512K,   0% used [0x0f4e0000, 0x0f4e0000, 0x0f560000)
 tenured generation   total 10944K, used 1621K [0x14560000, 0x15010000, 0x1f010000)
   the space 10944K,  14% used [0x14560000, 0x146f55d8, 0x146f5600, 0x15010000)
 compacting perm gen  total 12288K, used 3862K [0x1f010000, 0x1fc10000, 0x23010000)
   the space 12288K,  31% used [0x1f010000, 0x1f3d58c0, 0x1f3d5a00, 0x1fc10000)
No shared spaces configured.
}
Event: 133.100 GC heap before
{Heap before GC invocations=14 (full 0):
 def new generation   total 4928K, used 4421K [0x0f010000, 0x0f560000, 0x14560000)
  eden space 4416K, 100% used [0x0f010000, 0x0f460000, 0x0f460000)
  from space 512K,   1% used [0x0f460000, 0x0f4614b0, 0x0f4e0000)
  to   space 512K,   0% used [0x0f4e0000, 0x0f4e0000, 0x0f560000)
 tenured generation   total 10944K, used 1621K [0x14560000, 0x15010000, 0x1f010000)
   the space 10944K,  14% used [0x14560000, 0x146f55d8, 0x146f5600, 0x15010000)
 compacting perm gen  total 12288K, used 3862K [0x1f010000, 0x1fc10000, 0x23010000)
   the space 12288K,  31% used [0x1f010000, 0x1f3d58c0, 0x1f3d5a00, 0x1fc10000)
No shared spaces configured.
Event: 133.100 GC heap after
Heap after GC invocations=15 (full 0):
 def new generation   total 4928K, used 5K [0x0f010000, 0x0f560000, 0x14560000)
  eden space 4416K,   0% used [0x0f010000, 0x0f010000, 0x0f460000)
  from space 512K,   1% used [0x0f4e0000, 0x0f4e14b0, 0x0f560000)
  to   space 512K,   0% used [0x0f460000, 0x0f460000, 0x0f4e0000)
 tenured generation   total 10944K, used 1621K [0x14560000, 0x15010000, 0x1f010000)
   the space 10944K,  14% used [0x14560000, 0x146f55d8, 0x146f5600, 0x15010000)
 compacting perm gen  total 12288K, used 3862K [0x1f010000, 0x1fc10000, 0x23010000)
   the space 12288K,  31% used [0x1f010000, 0x1f3d58c0, 0x1f3d5a00, 0x1fc10000)
No shared spaces configured.
}

Deoptimization events (0 events):
No events

Internal exceptions (10 events):
Event: 0.411 Thread 0x00eeb800 Threw 0x0f185000 at C:\jdk7u1_32P\jdk7u11\hotspot\src\share\vm\prims\jvm.cpp:1166
Event: 0.414 Thread 0x00eeb800 Threw 0x0f1c0bb8 at C:\jdk7u1_32P\jdk7u11\hotspot\src\share\vm\prims\jvm.cpp:1166
Event: 0.414 Thread 0x00eeb800 Threw 0x0f1c2c58 at C:\jdk7u1_32P\jdk7u11\hotspot\src\share\vm\prims\jvm.cpp:1166
Event: 0.414 Thread 0x00eeb800 Threw 0x0f1c2de8 at C:\jdk7u1_32P\jdk7u11\hotspot\src\share\vm\classfile\systemDictionary.cpp:168
Event: 0.415 Thread 0x00eeb800 Threw 0x0f1c3dd0 at C:\jdk7u1_32P\jdk7u11\hotspot\src\share\vm\prims\jvm.cpp:1166
Event: 0.415 Thread 0x00eeb800 Threw 0x0f1c8010 at C:\jdk7u1_32P\jdk7u11\hotspot\src\share\vm\prims\jvm.cpp:1166
Event: 0.416 Thread 0x00eeb800 Threw 0x0f1d1040 at C:\jdk7u1_32P\jdk7u11\hotspot\src\share\vm\prims\jvm.cpp:1166
Event: 0.420 Thread 0x00eeb800 Threw 0x0f1d4600 at C:\jdk7u1_32P\jdk7u11\hotspot\src\share\vm\prims\jvm.cpp:1166
Event: 3.167 Thread 0x00eeb800 Threw 0x0f3fec90 at C:\jdk7u1_32P\jdk7u11\hotspot\src\share\vm\prims\jvm.cpp:1166
Event: 51.645 Thread 0x00eeb800 Threw 0x0f17b290 at C:\jdk7u1_32P\jdk7u11\hotspot\src\share\vm\prims\jvm.cpp:1166

Events (10 events):
Event: 94.386 Executing VM operation: GenCollectForAllocation
Event: 94.386 Executing VM operation: GenCollectForAllocation done
Event: 105.447 Executing VM operation: GenCollectForAllocation
Event: 105.448 Executing VM operation: GenCollectForAllocation done
Event: 112.070 Executing VM operation: GenCollectForAllocation
Event: 112.071 Executing VM operation: GenCollectForAllocation done
Event: 120.057 Executing VM operation: GenCollectForAllocation
Event: 120.058 Executing VM operation: GenCollectForAllocation done
Event: 133.100 Executing VM operation: GenCollectForAllocation
Event: 133.100 Executing VM operation: GenCollectForAllocation done


Dynamic libraries:
0x013c0000 - 0x013ef000 	C:\Program Files (x86)\Java\jdk1.7.0_11\bin\java.exe
0x776e0000 - 0x77837000 	C:\Windows\SYSTEM32\ntdll.dll
0x757c0000 - 0x758f0000 	C:\Windows\SYSTEM32\KERNEL32.DLL
0x74d50000 - 0x74df6000 	C:\Windows\SYSTEM32\KERNELBASE.dll
0x6f790000 - 0x6f837000 	C:\Windows\system32\apphelp.dll
0x753a0000 - 0x7544e000 	C:\Windows\SYSTEM32\ADVAPI32.dll
0x75da0000 - 0x75eb6000 	C:\Windows\SYSTEM32\USER32.dll
0x73db0000 - 0x73fa7000 	C:\Windows\WinSxS\x86_microsoft.windows.common-controls_6595b64144ccf1df_6.0.9200.16384_none_893961408605e985\COMCTL32.dll
0x77310000 - 0x773c1000 	C:\Windows\SYSTEM32\msvcrt.dll
0x74f70000 - 0x74fa4000 	C:\Windows\SYSTEM32\sechost.dll
0x76050000 - 0x760fc000 	C:\Windows\SYSTEM32\RPCRT4.dll
0x75ec0000 - 0x75fbd000 	C:\Windows\SYSTEM32\GDI32.dll
0x74d20000 - 0x74d3c000 	C:\Windows\SYSTEM32\SspiCli.dll
0x74d10000 - 0x74d19000 	C:\Windows\SYSTEM32\CRYPTBASE.dll
0x74cb0000 - 0x74d01000 	C:\Windows\SYSTEM32\bcryptPrimitives.dll
0x75450000 - 0x75470000 	C:\Windows\system32\IMM32.DLL
0x77540000 - 0x7761d000 	C:\Windows\SYSTEM32\MSCTF.dll
0x74c20000 - 0x74c56000 	C:\Windows\SYSTEM32\nvinit.dll
0x0f000000 - 0x0f006000 	C:\Program Files (x86)\NVIDIA Corporation\CoProcManager\detoured.dll
0x74910000 - 0x7495c000 	C:\Program Files (x86)\NVIDIA Corporation\CoProcManager\nvd3d9wrap.dll
0x75bf0000 - 0x75d9f000 	C:\Windows\SYSTEM32\SETUPAPI.dll
0x759a0000 - 0x759e6000 	C:\Windows\SYSTEM32\CFGMGR32.dll
0x75900000 - 0x7591e000 	C:\Windows\SYSTEM32\DEVOBJ.dll
0x748d0000 - 0x74903000 	C:\Program Files (x86)\NVIDIA Corporation\CoProcManager\nvdxgiwrap.dll
0x731f0000 - 0x732ae000 	C:\Program Files (x86)\Java\jdk1.7.0_11\jre\bin\msvcr100.dll
0x60c80000 - 0x60fcc000 	C:\Program Files (x86)\Java\jdk1.7.0_11\jre\bin\client\jvm.dll
0x72210000 - 0x72218000 	C:\Windows\SYSTEM32\WSOCK32.dll
0x71d40000 - 0x71d61000 	C:\Windows\SYSTEM32\WINMM.dll
0x74e70000 - 0x74e76000 	C:\Windows\SYSTEM32\PSAPI.DLL
0x74e20000 - 0x74e70000 	C:\Windows\SYSTEM32\WS2_32.dll
0x71d10000 - 0x71d3a000 	C:\Windows\SYSTEM32\WINMMBASE.dll
0x758f0000 - 0x758f8000 	C:\Windows\SYSTEM32\NSI.dll
0x731e0000 - 0x731ec000 	C:\Program Files (x86)\Java\jdk1.7.0_11\jre\bin\verify.dll
0x731c0000 - 0x731e0000 	C:\Program Files (x86)\Java\jdk1.7.0_11\jre\bin\java.dll
0x731a0000 - 0x731b3000 	C:\Program Files (x86)\Java\jdk1.7.0_11\jre\bin\zip.dll
0x00640000 - 0x00647000 	C:\Program Files (x86)\JetBrains\IntelliJ IDEA Community Edition 12.0.2\bin\breakgen.dll
0x73180000 - 0x73194000 	C:\Program Files (x86)\Java\jdk1.7.0_11\jre\bin\net.dll
0x71910000 - 0x7195a000 	C:\Windows\system32\mswsock.dll
0x04f00000 - 0x04f4c000 	D:\Programming\IntelliJ\PoolSim\lib\native\windows\lwjgl.dll
0x6b400000 - 0x6b4ce000 	C:\Windows\SYSTEM32\OPENGL32.dll
0x74040000 - 0x74048000 	C:\Windows\SYSTEM32\VERSION.dll
0x6b3d0000 - 0x6b3f3000 	C:\Windows\SYSTEM32\GLU32.dll
0x6b2f0000 - 0x6b3c9000 	C:\Windows\SYSTEM32\DDRAW.dll
0x6b2e0000 - 0x6b2e7000 	C:\Windows\SYSTEM32\DCIMAN32.dll
0x73170000 - 0x7317f000 	C:\Program Files (x86)\Java\jdk1.7.0_11\jre\bin\nio.dll
0x725f0000 - 0x72678000 	C:\Windows\system32\uxtheme.dll
0x725d0000 - 0x725e9000 	C:\Windows\SYSTEM32\dwmapi.dll
0x773d0000 - 0x77413000 	C:\Windows\SYSTEM32\WINTRUST.dll
0x74fb0000 - 0x75138000 	C:\Windows\SYSTEM32\CRYPT32.dll
0x74e00000 - 0x74e12000 	C:\Windows\SYSTEM32\MSASN1.dll
0x5de40000 - 0x5f1fd000 	C:\Windows\SYSTEM32\nvoglv32.DLL
0x76220000 - 0x772e6000 	C:\Windows\SYSTEM32\SHELL32.dll
0x75470000 - 0x755a6000 	C:\Windows\SYSTEM32\combase.dll
0x755b0000 - 0x755f0000 	C:\Windows\SYSTEM32\SHLWAPI.dll
0x725a0000 - 0x725c6000 	C:\Windows\SYSTEM32\ntmarta.dll
0x72560000 - 0x7259f000 	C:\Windows\SYSTEM32\powrprof.dll
0x76100000 - 0x76219000 	C:\Windows\system32\ole32.dll
0x5f730000 - 0x5f7ac000 	C:\Windows\SYSTEM32\mscms.dll
0x69e00000 - 0x69e1b000 	C:\Windows\SYSTEM32\USERENV.dll
0x73d90000 - 0x73da1000 	C:\Windows\SYSTEM32\profapi.dll
0x73120000 - 0x7315b000 	C:\Windows\SYSTEM32\icm32.dll
0x601c0000 - 0x60c73000 	C:\Windows\system32\igd10umd32.dll
0x60070000 - 0x601b2000 	C:\Program Files (x86)\Java\jdk1.7.0_11\jre\bin\awt.dll
0x75fc0000 - 0x7604b000 	C:\Windows\SYSTEM32\OLEAUT32.dll
0x75920000 - 0x75994000 	C:\Windows\SYSTEM32\clbcatq.dll
0x6fec0000 - 0x6ffe9000 	C:\Windows\SYSTEM32\dbghelp.dll

VM Arguments:
jvm_args: -Djava.library.path=lib/native/windows -Didea.launcher.port=7532 -Didea.launcher.bin.path=C:\Program Files (x86)\JetBrains\IntelliJ IDEA Community Edition 12.0.2\bin -Dfile.encoding=UTF-8 
java_command: com.intellij.rt.execution.application.AppMain com.fisherevans.poolsim.PoolSim
Launcher Type: SUN_STANDARD

Environment Variables:
PATH=C:\Program Files (x86)\JetBrains\IntelliJ IDEA Community Edition 12.0.2\bin\..\.\bin;C:\Program Files (x86)\NVIDIA Corporation\PhysX\Common;C:\Perl64\site\bin;C:\Perl64\bin;C:\Windows\system32;C:\Windows;C:\Windows\System32\Wbem;C:\Windows\System32\WindowsPowerShell\v1.0\;C:\Program Files\Intel\WiFi\bin\;C:\Program Files\Common Files\Intel\WirelessCommon\;C:\Program Files\Microsoft SQL Server\110\Tools\Binn\;C:\Program Files (x86)\Microsoft SQL Server\100\Tools\Binn\;C:\Program Files\Microsoft SQL Server\100\Tools\Binn\;C:\Program Files\Microsoft SQL Server\100\DTS\Binn\;C:\Python27;D:\Program Files\bin;C:\Program Files\TortoiseSVN\bin;C:\Program Files\Intel\WiFi\bin\;C:\Program Files\Common Files\Intel\WirelessCommon\;c:\program files (x86)\jetbrains\intellij idea community edition 12.0.2\jre\jre\bin
USERNAME=immortal
OS=Windows_NT
PROCESSOR_IDENTIFIER=Intel64 Family 6 Model 58 Stepping 9, GenuineIntel



---------------  S Y S T E M  ---------------

OS: Windows 8 , 64 bit Build 9200 

CPU:total 8 (4 cores per cpu, 2 threads per core) family 6 model 58 stepping 9, cmov, cx8, fxsr, mmx, sse, sse2, sse3, ssse3, sse4.1, sse4.2, popcnt, avx, ht, tsc, tscinvbit, tscinv

Memory: 4k page, physical 8288616k(4537292k free), swap 16677224k(12428736k free)

vm_info: Java HotSpot(TM) Client VM (23.6-b04) for windows-x86 JRE (1.7.0_11-b21), built on Jan 12 2013 02:19:22 by "java_re" with unknown MS VC++:1600

time: Tue Apr 30 00:16:27 2013
elapsed time: 133 seconds

