#
# A fatal error has been detected by the Java Runtime Environment:
#
#  EXCEPTION_ACCESS_VIOLATION (0xc0000005) at pc=0x730f17d0, pid=9524, tid=10856
#
# JRE version: 7.0_11-b21
# Java VM: Java HotSpot(TM) Client VM (23.6-b04 mixed mode windows-x86 )
# Problematic frame:
# C  0x730f17d0
#
# Failed to write core dump. Minidumps are not enabled by default on client versions of Windows
#
# If you would like to submit a bug report, please visit:
#   http://bugreport.sun.com/bugreport/crash.jsp
# The crash happened outside the Java Virtual Machine in native code.
# See problematic frame for where to report the bug.
#

---------------  T H R E A D  ---------------

Current thread (0x00f1b800):  JavaThread "main" [_thread_in_native, id=10856, stack(0x00b30000,0x00b80000)]

siginfo: ExceptionCode=0xc0000005, ExceptionInformation=0x00000008 0x730f17d0

Registers:
EAX=0x6b447e19, EBX=0x14678698, ECX=0x6b400000, EDX=0x00000169
ESP=0x00b7f450, EBP=0x00b7f460, ESI=0x00000000, EDI=0x00f1b800
EIP=0x730f17d0, EFLAGS=0x00010202

Top of Stack: (sp=0x00b7f450)
0x00b7f450:   75f3a143 20012c5f 00b7f484 6b400000
0x00b7f460:   00b7f498 054eb25e 20012c5f 02b0d234
0x00b7f470:   00f1b928 00b7f484 00b7f47c 14677378
0x00b7f480:   00000000 14632ed8 14678698 7773439b
0x00b7f490:   14672910 00000000 00b7f698 02b0f948
0x00b7f4a0:   0e7854e3 00b7f4bc 74d5dbc8 758b10c0
0x00b7f4b0:   14678698 1467e288 00000000 77722608
0x00b7f4c0:   88280109 1467e288 757e8e1c 758b10bc 

Instructions: (pc=0x730f17d0)
0x730f17b0:   
[error occurred during error reporting (printing registers, top of stack, instructions near pc), id 0xc0000005]

Register to memory mapping:

EAX=0x6b447e19 is an unknown value
EBX=0x14678698 is an oop
org.lwjgl.opengl.WindowsDisplayPeerInfo 
 - klass: 'org/lwjgl/opengl/WindowsDisplayPeerInfo'
ECX=0x6b400000 is an unknown value
EDX=0x00000169 is an unknown value
ESP=0x00b7f450 is pointing into the stack for thread: 0x00f1b800
EBP=0x00b7f460 is pointing into the stack for thread: 0x00f1b800
ESI=0x00000000 is an unknown value
EDI=0x00f1b800 is a thread


Stack: [0x00b30000,0x00b80000],  sp=0x00b7f450,  free space=317k
Native frames: (J=compiled Java code, j=interpreted, Vv=VM code, C=native code)
C  0x730f17d0
C  [lwjgl.dll+0xb25e]  Java_org_lwjgl_opengl_WindowsContextImplementation_nSwapBuffers+0x1e
J  org.lwjgl.opengl.WindowsContextImplementation.swapBuffers()V
v  ~StubRoutines::call_stub
V  [jvm.dll+0x12a3ba]
V  [jvm.dll+0x1d97de]
V  [jvm.dll+0x12a43d]
V  [jvm.dll+0x1353de]
V  [jvm.dll+0x1356de]
V  [jvm.dll+0xd50a9]
C  [java.dll+0x7de6]  Java_sun_reflect_NativeMethodAccessorImpl_invoke0+0x15
j  sun.reflect.NativeMethodAccessorImpl.invoke(Ljava/lang/Object;[Ljava/lang/Object;)Ljava/lang/Object;+87
j  sun.reflect.DelegatingMethodAccessorImpl.invoke(Ljava/lang/Object;[Ljava/lang/Object;)Ljava/lang/Object;+6
j  java.lang.reflect.Method.invoke(Ljava/lang/Object;[Ljava/lang/Object;)Ljava/lang/Object;+57
j  com.intellij.rt.execution.application.AppMain.main([Ljava/lang/String;)V+140
v  ~StubRoutines::call_stub
V  [jvm.dll+0x12a3ba]
V  [jvm.dll+0x1d97de]
V  [jvm.dll+0x12a43d]
V  [jvm.dll+0xaee94]
V  [jvm.dll+0xb9217]
C  [java.exe+0x205f]
C  [java.exe+0xa5d3]
C  [java.exe+0xa65d]
C  [KERNEL32.DLL+0x28543]  BaseThreadInitThunk+0xe
C  [ntdll.dll+0x5ac69]  RtlInitializeExceptionChain+0x85
C  [ntdll.dll+0x5ac3c]  RtlInitializeExceptionChain+0x58

Java frames: (J=compiled Java code, j=interpreted, Vv=VM code)
J  org.lwjgl.opengl.WindowsContextImplementation.nSwapBuffers(Ljava/nio/ByteBuffer;)V
J  org.lwjgl.opengl.WindowsContextImplementation.swapBuffers()V
J  org.lwjgl.opengl.DrawableGL.swapBuffers()V
J  org.lwjgl.opengl.Display.swapBuffers()V
J  org.lwjgl.opengl.Display.update(Z)V
J  org.newdawn.slick.AppGameContainer.gameLoop()V
J  org.newdawn.slick.AppGameContainer.start()V
j  com.fisherevans.poolsim.PoolSim.main([Ljava/lang/String;)V+33
v  ~StubRoutines::call_stub
j  sun.reflect.NativeMethodAccessorImpl.invoke0(Ljava/lang/reflect/Method;Ljava/lang/Object;[Ljava/lang/Object;)Ljava/lang/Object;+0
j  sun.reflect.NativeMethodAccessorImpl.invoke(Ljava/lang/Object;[Ljava/lang/Object;)Ljava/lang/Object;+87
j  sun.reflect.DelegatingMethodAccessorImpl.invoke(Ljava/lang/Object;[Ljava/lang/Object;)Ljava/lang/Object;+6
j  java.lang.reflect.Method.invoke(Ljava/lang/Object;[Ljava/lang/Object;)Ljava/lang/Object;+57
j  com.intellij.rt.execution.application.AppMain.main([Ljava/lang/String;)V+140
v  ~StubRoutines::call_stub

---------------  P R O C E S S  ---------------

Java Threads: ( => current thread )
  0x04cad800 JavaThread "Monitor Ctrl-Break" daemon [_thread_in_native, id=10180, stack(0x051b0000,0x05200000)]
  0x04bd6800 JavaThread "Service Thread" daemon [_thread_blocked, id=10272, stack(0x04f80000,0x04fd0000)]
  0x04bd1400 JavaThread "C1 CompilerThread0" daemon [_thread_blocked, id=9644, stack(0x04ef0000,0x04f40000)]
  0x04bd0000 JavaThread "Attach Listener" daemon [_thread_blocked, id=10888, stack(0x04e60000,0x04eb0000)]
  0x04bce000 JavaThread "Signal Dispatcher" daemon [_thread_blocked, id=10804, stack(0x04dd0000,0x04e20000)]
  0x028e5400 JavaThread "Finalizer" daemon [_thread_blocked, id=11000, stack(0x04b40000,0x04b90000)]
  0x028e0800 JavaThread "Reference Handler" daemon [_thread_blocked, id=8388, stack(0x04ab0000,0x04b00000)]
=>0x00f1b800 JavaThread "main" [_thread_in_native, id=10856, stack(0x00b30000,0x00b80000)]

Other Threads:
  0x028d9000 VMThread [stack: 0x04a20000,0x04a70000] [id=9516]
  0x04beac00 WatcherThread [stack: 0x05010000,0x05060000] [id=2456]

VM state:not at safepoint (normal execution)

VM Mutex/Monitor currently owned by a thread: None

Heap
 def new generation   total 4928K, used 3610K [0x0f010000, 0x0f560000, 0x14560000)
  eden space 4416K,  81% used [0x0f010000, 0x0f3924d0, 0x0f460000)
  from space 512K,   3% used [0x0f4e0000, 0x0f4e4378, 0x0f560000)
  to   space 512K,   0% used [0x0f460000, 0x0f460000, 0x0f4e0000)
 tenured generation   total 10944K, used 1780K [0x14560000, 0x15010000, 0x1f010000)
   the space 10944K,  16% used [0x14560000, 0x1471d268, 0x1471d400, 0x15010000)
 compacting perm gen  total 12288K, used 4032K [0x1f010000, 0x1fc10000, 0x23010000)
   the space 12288K,  32% used [0x1f010000, 0x1f4003b8, 0x1f400400, 0x1fc10000)
No shared spaces configured.

Card table byte_map: [0x028f0000,0x029a0000] byte_map_base: 0x02877f80

Polling page: 0x008b0000

Code Cache  [0x029e0000, 0x02b50000, 0x049e0000)
 total_blobs=766 nmethods=529 adapters=172 free_code_cache=31311Kb largest_free_block=32063360

Compilation events (10 events):
Event: 33.213 Thread 0x04bd1400  524             java.nio.Bits::getLongB (60 bytes)
Event: 33.213 Thread 0x04bd1400 nmethod 524 0x02b49048 code [0x02b491c0, 0x02b493ac]
Event: 33.213 Thread 0x04bd1400  525             java.nio.Bits::makeLong (77 bytes)
Event: 33.213 Thread 0x04bd1400 nmethod 525 0x02b49548 code [0x02b49640, 0x02b49840]
Event: 35.766 Thread 0x04bd1400  527   !         org.lwjgl.opengl.WindowsDisplay::updateCursor (69 bytes)
Event: 35.766 Thread 0x04bd1400 nmethod 527 0x02b49dc8 code [0x02b49f20, 0x02b4a338]
Event: 57.202 Thread 0x04bd1400  529             sun.misc.FormattedFloatingDecimal::developLongDigits (380 bytes)
Event: 57.204 Thread 0x04bd1400 nmethod 529 0x02b4a608 code [0x02b4a7c0, 0x02b4b11c]
Event: 94.362 Thread 0x04bd1400  530             java.util.Arrays::fill (21 bytes)
Event: 94.362 Thread 0x04bd1400 nmethod 530 0x02b4be48 code [0x02b4bf40, 0x02b4bfe0]

GC Heap History (10 events):
Event: 96.966 GC heap before
{Heap before GC invocations=38 (full 0):
 def new generation   total 4928K, used 4433K [0x0f010000, 0x0f560000, 0x14560000)
  eden space 4416K, 100% used [0x0f010000, 0x0f460000, 0x0f460000)
  from space 512K,   3% used [0x0f460000, 0x0f464470, 0x0f4e0000)
  to   space 512K,   0% used [0x0f4e0000, 0x0f4e0000, 0x0f560000)
 tenured generation   total 10944K, used 1780K [0x14560000, 0x15010000, 0x1f010000)
   the space 10944K,  16% used [0x14560000, 0x1471d1f0, 0x1471d200, 0x15010000)
 compacting perm gen  total 12288K, used 4032K [0x1f010000, 0x1fc10000, 0x23010000)
   the space 12288K,  32% used [0x1f010000, 0x1f4003b8, 0x1f400400, 0x1fc10000)
No shared spaces configured.
Event: 96.967 GC heap after
Heap after GC invocations=39 (full 0):
 def new generation   total 4928K, used 17K [0x0f010000, 0x0f560000, 0x14560000)
  eden space 4416K,   0% used [0x0f010000, 0x0f010000, 0x0f460000)
  from space 512K,   3% used [0x0f4e0000, 0x0f4e4470, 0x0f560000)
  to   space 512K,   0% used [0x0f460000, 0x0f460000, 0x0f4e0000)
 tenured generation   total 10944K, used 1780K [0x14560000, 0x15010000, 0x1f010000)
   the space 10944K,  16% used [0x14560000, 0x1471d1f0, 0x1471d200, 0x15010000)
 compacting perm gen  total 12288K, used 4032K [0x1f010000, 0x1fc10000, 0x23010000)
   the space 12288K,  32% used [0x1f010000, 0x1f4003b8, 0x1f400400, 0x1fc10000)
No shared spaces configured.
}
Event: 99.069 GC heap before
{Heap before GC invocations=39 (full 0):
 def new generation   total 4928K, used 4433K [0x0f010000, 0x0f560000, 0x14560000)
  eden space 4416K, 100% used [0x0f010000, 0x0f460000, 0x0f460000)
  from space 512K,   3% used [0x0f4e0000, 0x0f4e4470, 0x0f560000)
  to   space 512K,   0% used [0x0f460000, 0x0f460000, 0x0f4e0000)
 tenured generation   total 10944K, used 1780K [0x14560000, 0x15010000, 0x1f010000)
   the space 10944K,  16% used [0x14560000, 0x1471d1f0, 0x1471d200, 0x15010000)
 compacting perm gen  total 12288K, used 4032K [0x1f010000, 0x1fc10000, 0x23010000)
   the space 12288K,  32% used [0x1f010000, 0x1f4003b8, 0x1f400400, 0x1fc10000)
No shared spaces configured.
Event: 99.069 GC heap after
Heap after GC invocations=40 (full 0):
 def new generation   total 4928K, used 17K [0x0f010000, 0x0f560000, 0x14560000)
  eden space 4416K,   0% used [0x0f010000, 0x0f010000, 0x0f460000)
  from space 512K,   3% used [0x0f460000, 0x0f464458, 0x0f4e0000)
  to   space 512K,   0% used [0x0f4e0000, 0x0f4e0000, 0x0f560000)
 tenured generation   total 10944K, used 1780K [0x14560000, 0x15010000, 0x1f010000)
   the space 10944K,  16% used [0x14560000, 0x1471d1f0, 0x1471d200, 0x15010000)
 compacting perm gen  total 12288K, used 4032K [0x1f010000, 0x1fc10000, 0x23010000)
   the space 12288K,  32% used [0x1f010000, 0x1f4003b8, 0x1f400400, 0x1fc10000)
No shared spaces configured.
}
Event: 101.341 GC heap before
{Heap before GC invocations=40 (full 0):
 def new generation   total 4928K, used 4433K [0x0f010000, 0x0f560000, 0x14560000)
  eden space 4416K, 100% used [0x0f010000, 0x0f460000, 0x0f460000)
  from space 512K,   3% used [0x0f460000, 0x0f464458, 0x0f4e0000)
  to   space 512K,   0% used [0x0f4e0000, 0x0f4e0000, 0x0f560000)
 tenured generation   total 10944K, used 1780K [0x14560000, 0x15010000, 0x1f010000)
   the space 10944K,  16% used [0x14560000, 0x1471d1f0, 0x1471d200, 0x15010000)
 compacting perm gen  total 12288K, used 4032K [0x1f010000, 0x1fc10000, 0x23010000)
   the space 12288K,  32% used [0x1f010000, 0x1f4003b8, 0x1f400400, 0x1fc10000)
No shared spaces configured.
Event: 101.342 GC heap after
Heap after GC invocations=41 (full 0):
 def new generation   total 4928K, used 17K [0x0f010000, 0x0f560000, 0x14560000)
  eden space 4416K,   0% used [0x0f010000, 0x0f010000, 0x0f460000)
  from space 512K,   3% used [0x0f4e0000, 0x0f4e4458, 0x0f560000)
  to   space 512K,   0% used [0x0f460000, 0x0f460000, 0x0f4e0000)
 tenured generation   total 10944K, used 1780K [0x14560000, 0x15010000, 0x1f010000)
   the space 10944K,  16% used [0x14560000, 0x1471d1f0, 0x1471d200, 0x15010000)
 compacting perm gen  total 12288K, used 4032K [0x1f010000, 0x1fc10000, 0x23010000)
   the space 12288K,  32% used [0x1f010000, 0x1f4003b8, 0x1f400400, 0x1fc10000)
No shared spaces configured.
}
Event: 104.353 GC heap before
{Heap before GC invocations=41 (full 0):
 def new generation   total 4928K, used 4433K [0x0f010000, 0x0f560000, 0x14560000)
  eden space 4416K, 100% used [0x0f010000, 0x0f460000, 0x0f460000)
  from space 512K,   3% used [0x0f4e0000, 0x0f4e4458, 0x0f560000)
  to   space 512K,   0% used [0x0f460000, 0x0f460000, 0x0f4e0000)
 tenured generation   total 10944K, used 1780K [0x14560000, 0x15010000, 0x1f010000)
   the space 10944K,  16% used [0x14560000, 0x1471d1f0, 0x1471d200, 0x15010000)
 compacting perm gen  total 12288K, used 4032K [0x1f010000, 0x1fc10000, 0x23010000)
   the space 12288K,  32% used [0x1f010000, 0x1f4003b8, 0x1f400400, 0x1fc10000)
No shared spaces configured.
Event: 104.354 GC heap after
Heap after GC invocations=42 (full 0):
 def new generation   total 4928K, used 16K [0x0f010000, 0x0f560000, 0x14560000)
  eden space 4416K,   0% used [0x0f010000, 0x0f010000, 0x0f460000)
  from space 512K,   3% used [0x0f460000, 0x0f4643f8, 0x0f4e0000)
  to   space 512K,   0% used [0x0f4e0000, 0x0f4e0000, 0x0f560000)
 tenured generation   total 10944K, used 1780K [0x14560000, 0x15010000, 0x1f010000)
   the space 10944K,  16% used [0x14560000, 0x1471d268, 0x1471d400, 0x15010000)
 compacting perm gen  total 12288K, used 4032K [0x1f010000, 0x1fc10000, 0x23010000)
   the space 12288K,  32% used [0x1f010000, 0x1f4003b8, 0x1f400400, 0x1fc10000)
No shared spaces configured.
}
Event: 107.532 GC heap before
{Heap before GC invocations=42 (full 0):
 def new generation   total 4928K, used 4432K [0x0f010000, 0x0f560000, 0x14560000)
  eden space 4416K, 100% used [0x0f010000, 0x0f460000, 0x0f460000)
  from space 512K,   3% used [0x0f460000, 0x0f4643f8, 0x0f4e0000)
  to   space 512K,   0% used [0x0f4e0000, 0x0f4e0000, 0x0f560000)
 tenured generation   total 10944K, used 1780K [0x14560000, 0x15010000, 0x1f010000)
   the space 10944K,  16% used [0x14560000, 0x1471d268, 0x1471d400, 0x15010000)
 compacting perm gen  total 12288K, used 4032K [0x1f010000, 0x1fc10000, 0x23010000)
   the space 12288K,  32% used [0x1f010000, 0x1f4003b8, 0x1f400400, 0x1fc10000)
No shared spaces configured.
Event: 107.533 GC heap after
Heap after GC invocations=43 (full 0):
 def new generation   total 4928K, used 16K [0x0f010000, 0x0f560000, 0x14560000)
  eden space 4416K,   0% used [0x0f010000, 0x0f010000, 0x0f460000)
  from space 512K,   3% used [0x0f4e0000, 0x0f4e4378, 0x0f560000)
  to   space 512K,   0% used [0x0f460000, 0x0f460000, 0x0f4e0000)
 tenured generation   total 10944K, used 1780K [0x14560000, 0x15010000, 0x1f010000)
   the space 10944K,  16% used [0x14560000, 0x1471d268, 0x1471d400, 0x15010000)
 compacting perm gen  total 12288K, used 4032K [0x1f010000, 0x1fc10000, 0x23010000)
   the space 12288K,  32% used [0x1f010000, 0x1f4003b8, 0x1f400400, 0x1fc10000)
No shared spaces configured.
}

Deoptimization events (0 events):
No events

Internal exceptions (10 events):
Event: 0.575 Thread 0x00f1b800 Threw 0x0f21ee58 at C:\jdk7u1_32P\jdk7u11\hotspot\src\share\vm\prims\jvm.cpp:1166
Event: 0.577 Thread 0x00f1b800 Threw 0x0f222200 at C:\jdk7u1_32P\jdk7u11\hotspot\src\share\vm\prims\jvm.cpp:1166
Event: 0.578 Thread 0x00f1b800 Threw 0x0f225e18 at C:\jdk7u1_32P\jdk7u11\hotspot\src\share\vm\prims\jvm.cpp:1166
Event: 0.579 Thread 0x00f1b800 Threw 0x0f22c7d0 at C:\jdk7u1_32P\jdk7u11\hotspot\src\share\vm\prims\jvm.cpp:1166
Event: 0.580 Thread 0x00f1b800 Threw 0x0f22f148 at C:\jdk7u1_32P\jdk7u11\hotspot\src\share\vm\prims\jvm.cpp:1166
Event: 0.581 Thread 0x00f1b800 Threw 0x0f238038 at C:\jdk7u1_32P\jdk7u11\hotspot\src\share\vm\prims\jvm.cpp:1166
Event: 0.590 Thread 0x00f1b800 Threw 0x0f23e188 at C:\jdk7u1_32P\jdk7u11\hotspot\src\share\vm\prims\jvm.cpp:1166
Event: 0.593 Thread 0x00f1b800 Threw 0x0f241d10 at C:\jdk7u1_32P\jdk7u11\hotspot\src\share\vm\prims\jvm.cpp:1166
Event: 6.271 Thread 0x00f1b800 Threw 0x0f349060 at C:\jdk7u1_32P\jdk7u11\hotspot\src\share\vm\prims\jvm.cpp:1166
Event: 9.811 Thread 0x00f1b800 Threw 0x0f319858 at C:\jdk7u1_32P\jdk7u11\hotspot\src\share\vm\prims\jvm.cpp:1166

Events (10 events):
Event: 96.966 Executing VM operation: GenCollectForAllocation
Event: 96.967 Executing VM operation: GenCollectForAllocation done
Event: 99.068 Executing VM operation: GenCollectForAllocation
Event: 99.069 Executing VM operation: GenCollectForAllocation done
Event: 101.341 Executing VM operation: GenCollectForAllocation
Event: 101.342 Executing VM operation: GenCollectForAllocation done
Event: 104.353 Executing VM operation: GenCollectForAllocation
Event: 104.354 Executing VM operation: GenCollectForAllocation done
Event: 107.532 Executing VM operation: GenCollectForAllocation
Event: 107.533 Executing VM operation: GenCollectForAllocation done


Dynamic libraries:
0x013c0000 - 0x013ef000 	C:\Program Files (x86)\Java\jdk1.7.0_11\bin\java.exe
0x776e0000 - 0x77837000 	C:\Windows\SYSTEM32\ntdll.dll
0x757c0000 - 0x758f0000 	C:\Windows\SYSTEM32\KERNEL32.DLL
0x74d50000 - 0x74df6000 	C:\Windows\SYSTEM32\KERNELBASE.dll
0x6f790000 - 0x6f837000 	C:\Windows\system32\apphelp.dll
0x753a0000 - 0x7544e000 	C:\Windows\SYSTEM32\ADVAPI32.dll
0x75da0000 - 0x75eb6000 	C:\Windows\SYSTEM32\USER32.dll
0x73db0000 - 0x73fa7000 	C:\Windows\WinSxS\x86_microsoft.windows.common-controls_6595b64144ccf1df_6.0.9200.16384_none_893961408605e985\COMCTL32.dll
0x77310000 - 0x773c1000 	C:\Windows\SYSTEM32\msvcrt.dll
0x74f70000 - 0x74fa4000 	C:\Windows\SYSTEM32\sechost.dll
0x76050000 - 0x760fc000 	C:\Windows\SYSTEM32\RPCRT4.dll
0x75ec0000 - 0x75fbd000 	C:\Windows\SYSTEM32\GDI32.dll
0x74d20000 - 0x74d3c000 	C:\Windows\SYSTEM32\SspiCli.dll
0x74d10000 - 0x74d19000 	C:\Windows\SYSTEM32\CRYPTBASE.dll
0x74cb0000 - 0x74d01000 	C:\Windows\SYSTEM32\bcryptPrimitives.dll
0x75450000 - 0x75470000 	C:\Windows\system32\IMM32.DLL
0x77540000 - 0x7761d000 	C:\Windows\SYSTEM32\MSCTF.dll
0x74c20000 - 0x74c56000 	C:\Windows\SYSTEM32\nvinit.dll
0x0f000000 - 0x0f006000 	C:\Program Files (x86)\NVIDIA Corporation\CoProcManager\detoured.dll
0x74910000 - 0x7495c000 	C:\Program Files (x86)\NVIDIA Corporation\CoProcManager\nvd3d9wrap.dll
0x75bf0000 - 0x75d9f000 	C:\Windows\SYSTEM32\SETUPAPI.dll
0x759a0000 - 0x759e6000 	C:\Windows\SYSTEM32\CFGMGR32.dll
0x75900000 - 0x7591e000 	C:\Windows\SYSTEM32\DEVOBJ.dll
0x748d0000 - 0x74903000 	C:\Program Files (x86)\NVIDIA Corporation\CoProcManager\nvdxgiwrap.dll
0x73330000 - 0x733ee000 	C:\Program Files (x86)\Java\jdk1.7.0_11\jre\bin\msvcr100.dll
0x60c80000 - 0x60fcc000 	C:\Program Files (x86)\Java\jdk1.7.0_11\jre\bin\client\jvm.dll
0x72210000 - 0x72218000 	C:\Windows\SYSTEM32\WSOCK32.dll
0x71d40000 - 0x71d61000 	C:\Windows\SYSTEM32\WINMM.dll
0x74e70000 - 0x74e76000 	C:\Windows\SYSTEM32\PSAPI.DLL
0x74e20000 - 0x74e70000 	C:\Windows\SYSTEM32\WS2_32.dll
0x71d10000 - 0x71d3a000 	C:\Windows\SYSTEM32\WINMMBASE.dll
0x758f0000 - 0x758f8000 	C:\Windows\SYSTEM32\NSI.dll
0x74980000 - 0x7498c000 	C:\Program Files (x86)\Java\jdk1.7.0_11\jre\bin\verify.dll
0x73310000 - 0x73330000 	C:\Program Files (x86)\Java\jdk1.7.0_11\jre\bin\java.dll
0x732f0000 - 0x73303000 	C:\Program Files (x86)\Java\jdk1.7.0_11\jre\bin\zip.dll
0x00b80000 - 0x00b87000 	C:\Program Files (x86)\JetBrains\IntelliJ IDEA Community Edition 12.0.2\bin\breakgen.dll
0x732d0000 - 0x732e4000 	C:\Program Files (x86)\Java\jdk1.7.0_11\jre\bin\net.dll
0x71910000 - 0x7195a000 	C:\Windows\system32\mswsock.dll
0x054e0000 - 0x0552c000 	D:\Programming\IntelliJ\PoolSim\lib\native\windows\lwjgl.dll
0x6b400000 - 0x6b4ce000 	C:\Windows\SYSTEM32\OPENGL32.dll
0x74040000 - 0x74048000 	C:\Windows\SYSTEM32\VERSION.dll
0x6b3d0000 - 0x6b3f3000 	C:\Windows\SYSTEM32\GLU32.dll
0x6b2f0000 - 0x6b3c9000 	C:\Windows\SYSTEM32\DDRAW.dll
0x6b2e0000 - 0x6b2e7000 	C:\Windows\SYSTEM32\DCIMAN32.dll
0x732c0000 - 0x732cf000 	C:\Program Files (x86)\Java\jdk1.7.0_11\jre\bin\nio.dll
0x725f0000 - 0x72678000 	C:\Windows\system32\uxtheme.dll
0x725d0000 - 0x725e9000 	C:\Windows\SYSTEM32\dwmapi.dll
0x773d0000 - 0x77413000 	C:\Windows\SYSTEM32\WINTRUST.dll
0x74fb0000 - 0x75138000 	C:\Windows\SYSTEM32\CRYPT32.dll
0x74e00000 - 0x74e12000 	C:\Windows\SYSTEM32\MSASN1.dll
0x5de40000 - 0x5f1fd000 	C:\Windows\SYSTEM32\nvoglv32.DLL
0x76220000 - 0x772e6000 	C:\Windows\SYSTEM32\SHELL32.dll
0x75470000 - 0x755a6000 	C:\Windows\SYSTEM32\combase.dll
0x755b0000 - 0x755f0000 	C:\Windows\SYSTEM32\SHLWAPI.dll
0x725a0000 - 0x725c6000 	C:\Windows\SYSTEM32\ntmarta.dll
0x72560000 - 0x7259f000 	C:\Windows\SYSTEM32\powrprof.dll
0x76100000 - 0x76219000 	C:\Windows\system32\ole32.dll
0x5f730000 - 0x5f7ac000 	C:\Windows\SYSTEM32\mscms.dll
0x69e00000 - 0x69e1b000 	C:\Windows\SYSTEM32\USERENV.dll
0x73d90000 - 0x73da1000 	C:\Windows\SYSTEM32\profapi.dll
0x73270000 - 0x732ab000 	C:\Windows\SYSTEM32\icm32.dll
0x601c0000 - 0x60c73000 	C:\Windows\system32\igd10umd32.dll
0x5fde0000 - 0x5ff22000 	C:\Program Files (x86)\Java\jdk1.7.0_11\jre\bin\awt.dll
0x75fc0000 - 0x7604b000 	C:\Windows\SYSTEM32\OLEAUT32.dll
0x75920000 - 0x75994000 	C:\Windows\SYSTEM32\clbcatq.dll
0x6fec0000 - 0x6ffe9000 	C:\Windows\SYSTEM32\dbghelp.dll

VM Arguments:
jvm_args: -Djava.library.path=lib/native/windows -Didea.launcher.port=7544 -Didea.launcher.bin.path=C:\Program Files (x86)\JetBrains\IntelliJ IDEA Community Edition 12.0.2\bin -Dfile.encoding=UTF-8 
java_command: com.intellij.rt.execution.application.AppMain com.fisherevans.poolsim.PoolSim
Launcher Type: SUN_STANDARD

Environment Variables:
PATH=C:\Program Files (x86)\JetBrains\IntelliJ IDEA Community Edition 12.0.2\bin\..\.\bin;C:\Program Files (x86)\NVIDIA Corporation\PhysX\Common;C:\Perl64\site\bin;C:\Perl64\bin;C:\Windows\system32;C:\Windows;C:\Windows\System32\Wbem;C:\Windows\System32\WindowsPowerShell\v1.0\;C:\Program Files\Intel\WiFi\bin\;C:\Program Files\Common Files\Intel\WirelessCommon\;C:\Program Files\Microsoft SQL Server\110\Tools\Binn\;C:\Program Files (x86)\Microsoft SQL Server\100\Tools\Binn\;C:\Program Files\Microsoft SQL Server\100\Tools\Binn\;C:\Program Files\Microsoft SQL Server\100\DTS\Binn\;C:\Python27;D:\Program Files\bin;C:\Program Files\TortoiseSVN\bin;C:\Program Files\Intel\WiFi\bin\;C:\Program Files\Common Files\Intel\WirelessCommon\;c:\program files (x86)\jetbrains\intellij idea community edition 12.0.2\jre\jre\bin
USERNAME=immortal
OS=Windows_NT
PROCESSOR_IDENTIFIER=Intel64 Family 6 Model 58 Stepping 9, GenuineIntel



---------------  S Y S T E M  ---------------

OS: Windows 8 , 64 bit Build 9200 

CPU:total 8 (4 cores per cpu, 2 threads per core) family 6 model 58 stepping 9, cmov, cx8, fxsr, mmx, sse, sse2, sse3, ssse3, sse4.1, sse4.2, popcnt, avx, ht, tsc, tscinvbit, tscinv

Memory: 4k page, physical 8288616k(4175552k free), swap 16677224k(11767232k free)

vm_info: Java HotSpot(TM) Client VM (23.6-b04) for windows-x86 JRE (1.7.0_11-b21), built on Jan 12 2013 02:19:22 by "java_re" with unknown MS VC++:1600

time: Tue Apr 30 18:34:20 2013
elapsed time: 110 seconds

